========================================
[2026-03-16 14:06:24] 开始抓取
🔍 开始抓取 USDD 余额...

  → HTX / Tron / TDToUxX8sH4z…
  → HTX / Tron / TK86Qm97uM84…
  → HTX / Tron / TFTWNgDBkQ5w…
  → HTX / ETH / 0x18709e89bd…
  ⚠️  ETH 0x18709e89… error: HTTPSConnectionPool(host='eth.llamarpc.com', port=443): Read timed out. (read timeout=15)
  → HTX / ETH / 0xa03400e098…
  → HTX / ETH / 0x4fb312915b…
  → HTX / BNB / 0xafdfd157d9…
  → HTX / BNB / 0x18709e89bd…
  → HTX / BNB / 0xdd3cb5c974…
  → Gate / Tron / TBA6CypYJizw…
  → Kucoin / Tron / TL17qUCWc9ZR…
  → Kucoin / Tron / TUFhdQLH8MLC…
  → Kucoin / Tron / TUpHuDkiCCmw…
  → Bybit / Tron / TU4vEruvZwLL…
  → Mexc / Tron / TEPSrSYPDSQ7…
  → Poloniex / Tron / TUgSgCQL6pMS…
  → Poloniex / ETH / 0x29065a4c1f…
  → Poloniex / ETH / 0x8fca4ade3a…
  ⚠️  ETH 0x8fca4ade… error: HTTPSConnectionPool(host='eth.llamarpc.com', port=443): Read timed out. (read timeout=15)
  → Kraken / Tron / TG2CMGxnTPgQ…
  → Bitmart / Tron / TA7jHA7BR17S…
  → Bitmart / ETH / 0x6d0d19bddd…
  → Bitmart / BNB / 0xa23ef2319b…

─── 本次抓取汇总 ───────────────────────────────
                     HTX        Gate      Kucoin       Bybit        Mexc    Poloniex      Kraken     Bitmart
Tron          18,115,672   2,496,171   3,887,752   1,737,030   2,209,983     643,664     164,389      21,318
ETH                    -           -           -           -           -           -           -      50,000
BNB            3,196,939           -           -           -           -           -           -      33,470

✅ 数据已保存：2026-03-16
📊 打开 index.html 查看看板

[main 9c9f8ab] Auto update: 2026-03-16 USDD balances
 2 files changed, 4 insertions(+), 4 deletions(-)
To https://github.com/blackeyhou-stack/USDDCEX.git
   074af8a..9c9f8ab  main -> main
[2026-03-16 14:07:44] 完成
========================================
[2026-03-16 14:11:11] 开始抓取
🔍 开始抓取 USDD 余额...

  → HTX / Tron / TDToUxX8sH4z…
  → HTX / Tron / TK86Qm97uM84…
  → HTX / Tron / TFTWNgDBkQ5w…
  → HTX / ETH / 0x18709e89bd…
  → HTX / ETH / 0xa03400e098…
  → HTX / ETH / 0x4fb312915b…
  ⚠️  ETH 0x4fb31291… error: HTTPSConnectionPool(host='eth.llamarpc.com', port=443): Read timed out. (read timeout=15)
  → HTX / BNB / 0xafdfd157d9…
  → HTX / BNB / 0x18709e89bd…
  → HTX / BNB / 0xdd3cb5c974…
  → Gate / Tron / TBA6CypYJizw…
  → Kucoin / Tron / TL17qUCWc9ZR…
  → Kucoin / Tron / TUFhdQLH8MLC…
  → Kucoin / Tron / TUpHuDkiCCmw…
  → Bybit / Tron / TU4vEruvZwLL…
  → Mexc / Tron / TEPSrSYPDSQ7…
  → Poloniex / Tron / TUgSgCQL6pMS…
  → Poloniex / ETH / 0x29065a4c1f…
  → Poloniex / ETH / 0x8fca4ade3a…
  → Kraken / Tron / TG2CMGxnTPgQ…
  → Bitmart / Tron / TA7jHA7BR17S…
  → Bitmart / ETH / 0x6d0d19bddd…
  → Bitmart / BNB / 0xa23ef2319b…

─── 本次抓取汇总 ───────────────────────────────
                     HTX        Gate      Kucoin       Bybit        Mexc    Poloniex      Kraken     Bitmart
Tron          18,115,672   2,496,171   3,887,752   1,737,030   2,209,983     643,664     164,389      21,318
ETH                    -           -           -           -           -     184,975           -      50,000
BNB            3,196,939           -           -           -           -           -           -      33,470

✅ 数据已保存：2026-03-16
📊 打开 index.html 查看看板

[main 2325aa1] Auto update: 2026-03-16 USDD balances
 2 files changed, 2 insertions(+), 2 deletions(-)
To https://github.com/blackeyhou-stack/USDDCEX.git
   208e5f6..2325aa1  main -> main
[2026-03-16 14:12:16] 完成
========================================
[2026-03-16 15:17:36] 开始抓取
🔍 开始抓取 USDD 余额...

  → HTX / Tron / TDToUxX8sH4z…
  → HTX / Tron / TK86Qm97uM84…
  → HTX / Tron / TFTWNgDBkQ5w…
  → HTX / ETH / 0x18709e89bd…
  → HTX / ETH / 0xa03400e098…
  → HTX / ETH / 0x4fb312915b…
  → HTX / BNB / 0xafdfd157d9…
  → HTX / BNB / 0x18709e89bd…
  → HTX / BNB / 0xdd3cb5c974…
  → Gate / Tron / TBA6CypYJizw…
  → Kucoin / Tron / TL17qUCWc9ZR…
  → Kucoin / Tron / TUFhdQLH8MLC…
  → Kucoin / Tron / TUpHuDkiCCmw…
  → Bybit / Tron / TU4vEruvZwLL…
  → Mexc / Tron / TEPSrSYPDSQ7…
  → Poloniex / Tron / TUgSgCQL6pMS…
  → Poloniex / ETH / 0x29065a4c1f…
  → Poloniex / ETH / 0x8fca4ade3a…
  ⚠️  ETH 0x8fca4ade… RPC1 失败，切换备用节点…
  → Kraken / Tron / TG2CMGxnTPgQ…
  → Bitmart / Tron / TA7jHA7BR17S…
  → Bitmart / ETH / 0x6d0d19bddd…
  ⚠️  ETH 0x6d0d19bd… RPC1 失败，切换备用节点…
  → Bitmart / BNB / 0xa23ef2319b…

─── 本次抓取汇总 ───────────────────────────────
                     HTX        Gate      Kucoin       Bybit        Mexc    Poloniex      Kraken     Bitmart
Tron          18,115,812   2,516,340   3,887,752   1,737,030   2,209,983     643,664     164,389      21,318
ETH            5,431,961           -           -           -           -     170,000           -           0
BNB            3,196,930           -           -           -           -           -           -      33,470

✅ 数据已保存：2026-03-16
📊 打开 index.html 查看看板

[main 3841d42] Auto update: 2026-03-16 USDD balances
 2 files changed, 10 insertions(+), 10 deletions(-)
To https://github.com/blackeyhou-stack/USDDCEX.git
   c6598b7..3841d42  main -> main
[2026-03-16 15:19:02] 完成
========================================
[2026-03-17 00:00:00] 开始抓取
🔍 开始抓取 USDD 余额...

  → HTX / Tron / TDToUxX8sH4z…
  → HTX / Tron / TK86Qm97uM84…
  → HTX / Tron / TFTWNgDBkQ5w…
  → HTX / ETH / 0x18709e89bd…
  → HTX / ETH / 0xa03400e098…
  → HTX / ETH / 0x4fb312915b…
  → HTX / BNB / 0xafdfd157d9…
  → HTX / BNB / 0x18709e89bd…
  → HTX / BNB / 0xdd3cb5c974…
  → Gate / Tron / TBA6CypYJizw…
  → Kucoin / Tron / TL17qUCWc9ZR…
  → Kucoin / Tron / TUFhdQLH8MLC…
  → Kucoin / Tron / TUpHuDkiCCmw…
  → Bybit / Tron / TU4vEruvZwLL…
  → Mexc / Tron / TEPSrSYPDSQ7…
  → Poloniex / Tron / TUgSgCQL6pMS…
  → Poloniex / ETH / 0x29065a4c1f…
  → Poloniex / ETH / 0x8fca4ade3a…
  → Kraken / Tron / TG2CMGxnTPgQ…
  → Bitmart / Tron / TA7jHA7BR17S…
  → Bitmart / ETH / 0x6d0d19bddd…
  → Bitmart / BNB / 0xa23ef2319b…

─── 本次抓取汇总 ───────────────────────────────
                     HTX        Gate      Kucoin       Bybit        Mexc    Poloniex      Kraken     Bitmart
Tron          18,947,961   2,466,191   3,771,035   1,737,030   1,393,928     643,664     164,389      21,318
ETH            5,431,961           -           -           -           -     184,975           -      50,000
BNB            3,197,377           -           -           -           -           -           -      33,470

✅ 数据已保存：2026-03-17
📊 打开 index.html 查看看板

[main 1ddd05a] Auto update: 2026-03-17 USDD balances
 2 files changed, 90 insertions(+)
To https://github.com/blackeyhou-stack/USDDCEX.git
   3841d42..1ddd05a  main -> main
[2026-03-17 00:01:03] 完成
========================================
[2026-03-18 00:00:00] 开始抓取
🔍 开始抓取 USDD 余额...

  → HTX / Tron / TDToUxX8sH4z…
  → HTX / Tron / TK86Qm97uM84…
  → HTX / Tron / TFTWNgDBkQ5w…
  → HTX / ETH / 0x18709e89bd…
  ⚠️  ETH 0x18709e89… RPC1 失败，切换备用节点…
  → HTX / ETH / 0xa03400e098…
  → HTX / ETH / 0x4fb312915b…
  → HTX / BNB / 0xafdfd157d9…
  → HTX / BNB / 0x18709e89bd…
  → HTX / BNB / 0xdd3cb5c974…
  → Gate / Tron / TBA6CypYJizw…
  → Kucoin / Tron / TL17qUCWc9ZR…
  → Kucoin / Tron / TUFhdQLH8MLC…
  → Kucoin / Tron / TUpHuDkiCCmw…
  → Bybit / Tron / TU4vEruvZwLL…
  → Mexc / Tron / TEPSrSYPDSQ7…
  → Poloniex / Tron / TUgSgCQL6pMS…
  → Poloniex / ETH / 0x29065a4c1f…
  → Poloniex / ETH / 0x8fca4ade3a…
  → Kraken / Tron / TG2CMGxnTPgQ…
  → Bitmart / Tron / TA7jHA7BR17S…
  → Bitmart / ETH / 0x6d0d19bddd…
  → Bitmart / BNB / 0xa23ef2319b…

─── 本次抓取汇总 ───────────────────────────────
                     HTX        Gate      Kucoin       Bybit        Mexc    Poloniex      Kraken     Bitmart
Tron          19,893,879   2,462,730   3,852,171   1,736,540   1,174,846     643,664     164,389      21,318
ETH            2,092,237           -           -           -           -     184,975           -      50,000
BNB            3,048,978           -           -           -           -           -           -      33,770

✅ 数据已保存：2026-03-18
📊 打开 index.html 查看看板

[main 8612d83] Auto update: 2026-03-18 USDD balances
 2 files changed, 118 insertions(+), 28 deletions(-)
To https://github.com/blackeyhou-stack/USDDCEX.git
   644ee69..8612d83  main -> main
[2026-03-18 00:01:12] 完成
